<?xml version="1.0" encoding="UTF-8"?>
<testng-results skipped="0" failed="3" total="4" passed="1">
  <reporter-output>
  </reporter-output>
  <suite name="com.source.it.utils.SqlGeneratorUtilsTest" duration-ms="30" started-at="2017-05-17T18:22:23Z" finished-at="2017-05-17T18:22:23Z">
    <groups>
    </groups>
    <test name="Command line test" duration-ms="30" started-at="2017-05-17T18:22:23Z" finished-at="2017-05-17T18:22:23Z">
      <class name="com.source.it.utils.SqlGeneratorUtilsTest">
        <test-method status="PASS" signature="testGenerateSqlForItem()[pri:0, instance:com.source.it.utils.SqlGeneratorUtilsTest@129a8472]" name="testGenerateSqlForItem" duration-ms="13" started-at="2017-05-17T21:22:23Z" finished-at="2017-05-17T21:22:23Z">
          <reporter-output>
          </reporter-output>
        </test-method> <!-- testGenerateSqlForItem -->
        <test-method status="FAIL" signature="testGenerateSqlForItemType()[pri:0, instance:com.source.it.utils.SqlGeneratorUtilsTest@129a8472]" name="testGenerateSqlForItemType" duration-ms="2" started-at="2017-05-17T21:22:23Z" finished-at="2017-05-17T21:22:23Z">
          <exception class="java.lang.AssertionError">
            <message>
              <![CDATA[expected [SELECT IT.ID, IT.NAME FROM ITEM_TYPES IT WHERE IT.ID=?] but found [SELECT T.ID, T.NAME FROM TYPES T WHERE T.ID=?]]]>
            </message>
            <full-stacktrace>
              <![CDATA[java.lang.AssertionError: expected [SELECT IT.ID, IT.NAME FROM ITEM_TYPES IT WHERE IT.ID=?] but found [SELECT T.ID, T.NAME FROM TYPES T WHERE T.ID=?]
	at org.testng.Assert.fail(Assert.java:94)
	at org.testng.Assert.failNotEquals(Assert.java:496)
	at org.testng.Assert.assertEquals(Assert.java:125)
	at org.testng.Assert.assertEquals(Assert.java:178)
	at org.testng.Assert.assertEquals(Assert.java:188)
	at com.source.it.utils.SqlGeneratorUtilsTest.testGenerateSqlForItemType(SqlGeneratorUtilsTest.java:23)
	at sun.reflect.NativeMethodAccessorImpl.invoke0(Native Method)
	at sun.reflect.NativeMethodAccessorImpl.invoke(NativeMethodAccessorImpl.java:62)
	at sun.reflect.DelegatingMethodAccessorImpl.invoke(DelegatingMethodAccessorImpl.java:43)
	at java.lang.reflect.Method.invoke(Method.java:498)
	at org.testng.internal.MethodInvocationHelper.invokeMethod(MethodInvocationHelper.java:85)
	at org.testng.internal.Invoker.invokeMethod(Invoker.java:639)
	at org.testng.internal.Invoker.invokeTestMethod(Invoker.java:816)
	at org.testng.internal.Invoker.invokeTestMethods(Invoker.java:1124)
	at org.testng.internal.TestMethodWorker.invokeTestMethods(TestMethodWorker.java:125)
	at org.testng.internal.TestMethodWorker.run(TestMethodWorker.java:108)
	at org.testng.TestRunner.privateRun(TestRunner.java:774)
	at org.testng.TestRunner.run(TestRunner.java:624)
	at org.testng.SuiteRunner.runTest(SuiteRunner.java:359)
	at org.testng.SuiteRunner.runSequentially(SuiteRunner.java:354)
	at org.testng.SuiteRunner.privateRun(SuiteRunner.java:312)
	at org.testng.SuiteRunner.run(SuiteRunner.java:261)
	at org.testng.SuiteRunnerWorker.runSuite(SuiteRunnerWorker.java:52)
	at org.testng.SuiteRunnerWorker.run(SuiteRunnerWorker.java:86)
	at org.testng.TestNG.runSuitesSequentially(TestNG.java:1215)
	at org.testng.TestNG.runSuitesLocally(TestNG.java:1140)
	at org.testng.TestNG.run(TestNG.java:1048)
	at org.apache.maven.surefire.testng.TestNGExecutor.run(TestNGExecutor.java:70)
	at org.apache.maven.surefire.testng.TestNGDirectoryTestSuite.execute(TestNGDirectoryTestSuite.java:109)
	at org.apache.maven.surefire.testng.TestNGProvider.invoke(TestNGProvider.java:111)
	at sun.reflect.NativeMethodAccessorImpl.invoke0(Native Method)
	at sun.reflect.NativeMethodAccessorImpl.invoke(NativeMethodAccessorImpl.java:62)
	at sun.reflect.DelegatingMethodAccessorImpl.invoke(DelegatingMethodAccessorImpl.java:43)
	at java.lang.reflect.Method.invoke(Method.java:498)
	at org.apache.maven.surefire.util.ReflectionUtils.invokeMethodWithArray(ReflectionUtils.java:164)
	at org.apache.maven.surefire.booter.ProviderFactory$ProviderProxy.invoke(ProviderFactory.java:110)
	at org.apache.maven.surefire.booter.SurefireStarter.invokeProvider(SurefireStarter.java:175)
	at org.apache.maven.surefire.booter.SurefireStarter.runSuitesInProcessWhenForked(SurefireStarter.java:107)
	at org.apache.maven.surefire.booter.ForkedBooter.main(ForkedBooter.java:68)
]]>
            </full-stacktrace>
          </exception> <!-- java.lang.AssertionError -->
          <reporter-output>
          </reporter-output>
        </test-method> <!-- testGenerateSqlForItemType -->
        <test-method status="FAIL" signature="testGenerateSqlForUser()[pri:0, instance:com.source.it.utils.SqlGeneratorUtilsTest@129a8472]" name="testGenerateSqlForUser" duration-ms="1" started-at="2017-05-17T21:22:23Z" finished-at="2017-05-17T21:22:23Z">
          <exception class="java.lang.AssertionError">
            <message>
              <![CDATA[expected [SELECT U.ID, U.NAME, U.LASTNAME, U.LOGIN, U.PASSWORD, U.EMAIL, U.USER_ROLE_ID, UR.ROLE FROM USERS U JOIN USER_ROLES UR ON U.USER_ROLE_ID=UR.ID WHERE U.ID=?] but found [SELECT U.ID, U.NAME, U.LASTNAME, U.LOGIN, U.PASSWORD, U.EMAIL, U.USER_ROLE_ID, R.ROLE FROM USERS U JOIN ROLES R ON U.USER_ROLE_ID=R.ID WHERE U.ID=?]]]>
            </message>
            <full-stacktrace>
              <![CDATA[java.lang.AssertionError: expected [SELECT U.ID, U.NAME, U.LASTNAME, U.LOGIN, U.PASSWORD, U.EMAIL, U.USER_ROLE_ID, UR.ROLE FROM USERS U JOIN USER_ROLES UR ON U.USER_ROLE_ID=UR.ID WHERE U.ID=?] but found [SELECT U.ID, U.NAME, U.LASTNAME, U.LOGIN, U.PASSWORD, U.EMAIL, U.USER_ROLE_ID, R.ROLE FROM USERS U JOIN ROLES R ON U.USER_ROLE_ID=R.ID WHERE U.ID=?]
	at org.testng.Assert.fail(Assert.java:94)
	at org.testng.Assert.failNotEquals(Assert.java:496)
	at org.testng.Assert.assertEquals(Assert.java:125)
	at org.testng.Assert.assertEquals(Assert.java:178)
	at org.testng.Assert.assertEquals(Assert.java:188)
	at com.source.it.utils.SqlGeneratorUtilsTest.testGenerateSqlForUser(SqlGeneratorUtilsTest.java:60)
	at sun.reflect.NativeMethodAccessorImpl.invoke0(Native Method)
	at sun.reflect.NativeMethodAccessorImpl.invoke(NativeMethodAccessorImpl.java:62)
	at sun.reflect.DelegatingMethodAccessorImpl.invoke(DelegatingMethodAccessorImpl.java:43)
	at java.lang.reflect.Method.invoke(Method.java:498)
	at org.testng.internal.MethodInvocationHelper.invokeMethod(MethodInvocationHelper.java:85)
	at org.testng.internal.Invoker.invokeMethod(Invoker.java:639)
	at org.testng.internal.Invoker.invokeTestMethod(Invoker.java:816)
	at org.testng.internal.Invoker.invokeTestMethods(Invoker.java:1124)
	at org.testng.internal.TestMethodWorker.invokeTestMethods(TestMethodWorker.java:125)
	at org.testng.internal.TestMethodWorker.run(TestMethodWorker.java:108)
	at org.testng.TestRunner.privateRun(TestRunner.java:774)
	at org.testng.TestRunner.run(TestRunner.java:624)
	at org.testng.SuiteRunner.runTest(SuiteRunner.java:359)
	at org.testng.SuiteRunner.runSequentially(SuiteRunner.java:354)
	at org.testng.SuiteRunner.privateRun(SuiteRunner.java:312)
	at org.testng.SuiteRunner.run(SuiteRunner.java:261)
	at org.testng.SuiteRunnerWorker.runSuite(SuiteRunnerWorker.java:52)
	at org.testng.SuiteRunnerWorker.run(SuiteRunnerWorker.java:86)
	at org.testng.TestNG.runSuitesSequentially(TestNG.java:1215)
	at org.testng.TestNG.runSuitesLocally(TestNG.java:1140)
	at org.testng.TestNG.run(TestNG.java:1048)
	at org.apache.maven.surefire.testng.TestNGExecutor.run(TestNGExecutor.java:70)
	at org.apache.maven.surefire.testng.TestNGDirectoryTestSuite.execute(TestNGDirectoryTestSuite.java:109)
	at org.apache.maven.surefire.testng.TestNGProvider.invoke(TestNGProvider.java:111)
	at sun.reflect.NativeMethodAccessorImpl.invoke0(Native Method)
	at sun.reflect.NativeMethodAccessorImpl.invoke(NativeMethodAccessorImpl.java:62)
	at sun.reflect.DelegatingMethodAccessorImpl.invoke(DelegatingMethodAccessorImpl.java:43)
	at java.lang.reflect.Method.invoke(Method.java:498)
	at org.apache.maven.surefire.util.ReflectionUtils.invokeMethodWithArray(ReflectionUtils.java:164)
	at org.apache.maven.surefire.booter.ProviderFactory$ProviderProxy.invoke(ProviderFactory.java:110)
	at org.apache.maven.surefire.booter.SurefireStarter.invokeProvider(SurefireStarter.java:175)
	at org.apache.maven.surefire.booter.SurefireStarter.runSuitesInProcessWhenForked(SurefireStarter.java:107)
	at org.apache.maven.surefire.booter.ForkedBooter.main(ForkedBooter.java:68)
]]>
            </full-stacktrace>
          </exception> <!-- java.lang.AssertionError -->
          <reporter-output>
          </reporter-output>
        </test-method> <!-- testGenerateSqlForUser -->
        <test-method status="FAIL" signature="testGenerateSqlForWarrantyPeriod()[pri:0, instance:com.source.it.utils.SqlGeneratorUtilsTest@129a8472]" name="testGenerateSqlForWarrantyPeriod" duration-ms="0" started-at="2017-05-17T21:22:23Z" finished-at="2017-05-17T21:22:23Z">
          <exception class="java.lang.AssertionError">
            <message>
              <![CDATA[expected [SELECT WP.ID, WP.DAYS, WP.NAME FROM WARRANTY_PERIODS WP WHERE WP.ID=?] but found [SELECT P.ID, P.DAYS, P.NAME FROM PERIODS P WHERE P.ID=?]]]>
            </message>
            <full-stacktrace>
              <![CDATA[java.lang.AssertionError: expected [SELECT WP.ID, WP.DAYS, WP.NAME FROM WARRANTY_PERIODS WP WHERE WP.ID=?] but found [SELECT P.ID, P.DAYS, P.NAME FROM PERIODS P WHERE P.ID=?]
	at org.testng.Assert.fail(Assert.java:94)
	at org.testng.Assert.failNotEquals(Assert.java:496)
	at org.testng.Assert.assertEquals(Assert.java:125)
	at org.testng.Assert.assertEquals(Assert.java:178)
	at org.testng.Assert.assertEquals(Assert.java:188)
	at com.source.it.utils.SqlGeneratorUtilsTest.testGenerateSqlForWarrantyPeriod(SqlGeneratorUtilsTest.java:37)
	at sun.reflect.NativeMethodAccessorImpl.invoke0(Native Method)
	at sun.reflect.NativeMethodAccessorImpl.invoke(NativeMethodAccessorImpl.java:62)
	at sun.reflect.DelegatingMethodAccessorImpl.invoke(DelegatingMethodAccessorImpl.java:43)
	at java.lang.reflect.Method.invoke(Method.java:498)
	at org.testng.internal.MethodInvocationHelper.invokeMethod(MethodInvocationHelper.java:85)
	at org.testng.internal.Invoker.invokeMethod(Invoker.java:639)
	at org.testng.internal.Invoker.invokeTestMethod(Invoker.java:816)
	at org.testng.internal.Invoker.invokeTestMethods(Invoker.java:1124)
	at org.testng.internal.TestMethodWorker.invokeTestMethods(TestMethodWorker.java:125)
	at org.testng.internal.TestMethodWorker.run(TestMethodWorker.java:108)
	at org.testng.TestRunner.privateRun(TestRunner.java:774)
	at org.testng.TestRunner.run(TestRunner.java:624)
	at org.testng.SuiteRunner.runTest(SuiteRunner.java:359)
	at org.testng.SuiteRunner.runSequentially(SuiteRunner.java:354)
	at org.testng.SuiteRunner.privateRun(SuiteRunner.java:312)
	at org.testng.SuiteRunner.run(SuiteRunner.java:261)
	at org.testng.SuiteRunnerWorker.runSuite(SuiteRunnerWorker.java:52)
	at org.testng.SuiteRunnerWorker.run(SuiteRunnerWorker.java:86)
	at org.testng.TestNG.runSuitesSequentially(TestNG.java:1215)
	at org.testng.TestNG.runSuitesLocally(TestNG.java:1140)
	at org.testng.TestNG.run(TestNG.java:1048)
	at org.apache.maven.surefire.testng.TestNGExecutor.run(TestNGExecutor.java:70)
	at org.apache.maven.surefire.testng.TestNGDirectoryTestSuite.execute(TestNGDirectoryTestSuite.java:109)
	at org.apache.maven.surefire.testng.TestNGProvider.invoke(TestNGProvider.java:111)
	at sun.reflect.NativeMethodAccessorImpl.invoke0(Native Method)
	at sun.reflect.NativeMethodAccessorImpl.invoke(NativeMethodAccessorImpl.java:62)
	at sun.reflect.DelegatingMethodAccessorImpl.invoke(DelegatingMethodAccessorImpl.java:43)
	at java.lang.reflect.Method.invoke(Method.java:498)
	at org.apache.maven.surefire.util.ReflectionUtils.invokeMethodWithArray(ReflectionUtils.java:164)
	at org.apache.maven.surefire.booter.ProviderFactory$ProviderProxy.invoke(ProviderFactory.java:110)
	at org.apache.maven.surefire.booter.SurefireStarter.invokeProvider(SurefireStarter.java:175)
	at org.apache.maven.surefire.booter.SurefireStarter.runSuitesInProcessWhenForked(SurefireStarter.java:107)
	at org.apache.maven.surefire.booter.ForkedBooter.main(ForkedBooter.java:68)
]]>
            </full-stacktrace>
          </exception> <!-- java.lang.AssertionError -->
          <reporter-output>
          </reporter-output>
        </test-method> <!-- testGenerateSqlForWarrantyPeriod -->
      </class> <!-- com.source.it.utils.SqlGeneratorUtilsTest -->
    </test> <!-- Command line test -->
  </suite> <!-- com.source.it.utils.SqlGeneratorUtilsTest -->
</testng-results>
